This is pdfTeX, Version 3.14159265-2.6-1.40.21 (MiKTeX 20.6.29) (preloaded format=pdflatex 2020.8.17)  27 AUG 2020 10:59
entering extended mode
**x
(/home/matheusc/.miktex/texmfs/install/tex/latex/tools/x.tex
LaTeX2e <2020-02-02> patch level 5
L3 programming layer <2020-08-07>
! .
l.38   \batchmode \errmessage{}
                               \csname @@end\endcsname \end
This error message was generated by an \errmessage
command, so I can't give any explicit help.
Pretend that you're Hercule Poirot: Examine all clues,
and deduce the truth by order and method.

 ) 
Here is how much of TeX's memory you used:
 18 strings out of 483120
 471 string characters out of 2956793
 237276 words of memory out of 3000000
 15474 multiletter control sequences out of 15000+200000
 535088 words of font info for 29 fonts, out of 3000000 for 9000
 14 hyphenation exceptions out of 8191
 12i,0n,15p,82b,8s stack positions out of 5000i,500n,10000p,200000b,50000s

No pages of output.
PDF statistics:
 0 PDF objects out of 1000 (max. 8388607)
 0 named destinations out of 1000 (max. 500000)
 1 words of extra memory for PDF output out of 10000 (max. 10000000)

